2026-06-07 21:20:47 - api_server - INFO - 收到聊天请求[会话 7994970b16cc4bc3a0e35e5f0ee8f242]: 记住我的名字叫小黄，之后我问名字时直接回答名字
2026-06-07 21:20:52 - api_server - INFO - 收到聊天请求[会话 7994970b16cc4bc3a0e35e5f0ee8f242]: 我叫什么名字？
2026-06-07 21:20:54 - api_server - INFO - 已清空会话历史: 7994970b16cc4bc3a0e35e5f0ee8f242
2026-06-07 21:55:42 - api_server - INFO - 收到聊天请求[会话 398ad99ed7bb439c95b083f77a61c842]: 记住我的名字叫小黄，之后我问名字时直接回答名字
2026-06-07 21:55:48 - api_server - INFO - 收到聊天请求[会话 398ad99ed7bb439c95b083f77a61c842]: 我叫什么名字？
2026-06-07 21:56:28 - api_server - INFO - 收到聊天请求[会话 398ad99ed7bb439c95b083f77a61c842]: 再确认一次我叫什么？
2026-06-07 21:56:34 - api_server - INFO - 已清空会话历史: 398ad99ed7bb439c95b083f77a61c842
2026-06-07 22:51:12 - api_server - INFO - 收到聊天请求[会话 3e4713805c61454fbee867598dc27136]: 用一句话说个减脂建议
2026-06-07 22:51:33 - api_server - INFO - 已清空会话历史: 3e4713805c61454fbee867598dc27136
2026-06-07 23:00:34 - api_server - INFO - 收到聊天请求[会话 0c18ec3c5de44ad0bdbcf434e4455b46]: 我想减脂，给个建议
2026-06-07 23:00:43 - api_server - INFO - 收到聊天请求[会话 d809d1b737e94242a716f2b49503f4a2]: 帮我看看睡眠
2026-06-07 23:01:06 - api_server - INFO - 已清空会话历史: 0c18ec3c5de44ad0bdbcf434e4455b46
2026-06-07 23:01:06 - api_server - INFO - 已清空会话历史: d809d1b737e94242a716f2b49503f4a2
2026-06-07 23:04:15 - api_server - INFO - 收到聊天请求[会话 5c3a60d28a824a7db8a0ea22d59e1a26]: 给我一个增肌饮食建议
2026-06-07 23:04:26 - api_server - INFO - 收到聊天请求[会话 eb3cd78e2a3b49fd9c47871db3a79fb5]: 如何改善睡眠质量
2026-06-07 23:04:46 - api_server - INFO - 已清空会话历史: eb3cd78e2a3b49fd9c47871db3a79fb5
2026-06-07 23:04:46 - api_server - INFO - 已清空会话历史: 5c3a60d28a824a7db8a0ea22d59e1a26
2026-06-07 23:08:25 - api_server - INFO - 收到聊天请求[会话 2795f7a37cfb45eca482d2ba8c10aaa1]: 你好
2026-06-07 23:10:39 - api_server - INFO - 收到聊天请求[会话 2795f7a37cfb45eca482d2ba8c10aaa1]: 什么有些发烧该怎么办
2026-06-07 23:17:01 - api_server - INFO - 收到聊天请求[会话 2795f7a37cfb45eca482d2ba8c10aaa1]: 建议不错， 多谢。
2026-06-07 23:23:44 - api_server - INFO - 收到聊天请求[会话 2687b2aaa6914badbbb80cd33cf664e6]: 如何提升睡眠质量？
2026-06-08 23:31:41 - health_agents - INFO - [health_data] users 无 id=999, 使用 mock 画像
2026-06-08 23:31:41 - health_agents - INFO - [DataLoader] [数据接入] user=999 mode=control 来源={'watch': 'mock', 'baseline': 'default', 'exercise': 'mock', 'diet': 'mock', 'body': 'db'} | RS=69.0 HRR=12 TRIMP=810 疲劳红旗=4项 -> high
2026-06-08 23:31:41 - health_agents - INFO - [physio_evaluator] RS=69.0 疲劳=high | 连续疲劳信号明显，中枢神经恢复差，今日必须运动降载。
2026-06-08 23:31:41 - health_agents - INFO - [Router] 疲劳=high -> intervene
2026-06-08 23:31:41 - health_agents - INFO - [exercise_coach] 降载[recovery]: ['核心拉伸 (Core Stretch)', '关节灵活性训练 (Mobility)']
2026-06-08 23:31:41 - health_agents - INFO - [nutrition_planner] 目标热量=2409kcal 蛋白=144g 油脂代偿=是
2026-06-08 23:31:41 - health_agents - INFO - [guardrail_auditor] 安全审计(预留) -> 直通放行
2026-06-08 23:31:41 - health_agents - INFO - [report_generator] 生成多模态体检报告
2026-06-08 23:31:41 - health_agents - INFO - [health_data] users 无 id=999, 使用 mock 画像
2026-06-08 23:31:41 - health_agents - INFO - [DataLoader] [数据接入] user=999 mode=experiment 来源={'watch': 'mock', 'baseline': 'default', 'exercise': 'mock', 'diet': 'mock', 'body': 'db'} | RS=93.6 HRR=20 TRIMP=120 疲劳红旗=0项 -> low
2026-06-08 23:31:41 - health_agents - INFO - [physio_evaluator] RS=93.6 疲劳=low | 各项恢复指标良好，可维持原训练计划。
2026-06-08 23:31:41 - health_agents - INFO - [Router] 疲劳=low -> maintain
2026-06-08 23:31:41 - health_agents - INFO - [maintain_plan] 维持原计划 RS=93.6
2026-06-08 23:31:41 - health_agents - INFO - [guardrail_auditor] 安全审计(预留) -> 直通放行
2026-06-08 23:31:41 - health_agents - INFO - [report_generator] 生成多模态体检报告
2026-06-08 23:32:56 - health_agents - INFO - [DataLoader] [数据接入] user=1 mode=control 来源={'watch': 'db', 'baseline': 'default', 'exercise': 'mock', 'diet': 'mock', 'body': 'db'} | RS=88.4 HRR=12 TRIMP=810 疲劳红旗=2项 -> medium
2026-06-08 23:33:02 - health_agents - INFO - [physio_evaluator] RS=88.4 疲劳=medium | 尽管整体恢复得分较高，但心率恢复力偏低且静息心率连续三天升高，表明您的中枢疲劳水平有一定程度的积累，可能是近期训练强度较高所致。
2026-06-08 23:33:02 - health_agents - INFO - [Router] 疲劳=medium -> intervene
2026-06-08 23:33:08 - health_agents - INFO - [exercise_coach] 降载[recovery/maintain]: ['核心拉伸 (Core Stretch)', '关节灵活性训练 (Mobility)']
2026-06-08 23:33:30 - health_agents - INFO - [nutrition_planner] 目标热量=2300kcal 蛋白=130g 油脂代偿=是
2026-06-08 23:33:30 - health_agents - INFO - [guardrail_auditor] 安全审计(预留) -> 直通放行
2026-06-08 23:33:39 - health_agents - INFO - [report_generator] 生成多模态体检报告
2026-06-09 00:13:29 - api_server - INFO - [/chat 会话 verify-chat-1] 帮我生成今天的健康体检报告
2026-06-09 00:13:35 - api_server - INFO - [/chat 会话 verify-chat-1] 我要录入今天的饮食
2026-06-09 00:13:38 - api_server - INFO - [/chat 会话 verify-chat-1] 早餐燕麦牛奶，午餐鸡胸肉糙米饭西兰花，晚餐三文鱼沙拉
2026-06-09 00:13:41 - api_server - INFO - [/chat 会话 verify-chat-1] 今天天气怎么样？讲个笑话
2026-06-09 00:27:09 - health_agents - INFO - [health_data] users 无 id=999, 使用 mock 画像
2026-06-09 00:27:09 - health_agents - INFO - [DataLoader] [数据接入] user=999 mode=control 来源={'watch': 'mock', 'baseline': 'default', 'exercise': 'mock', 'diet': 'mock', 'body': 'mock'} | RS=69.0 HRR=12 TRIMP=810 疲劳红旗=4项 -> high
2026-06-09 00:27:09 - health_agents - INFO - [physio_evaluator] RS=69.0 疲劳=high | 连续疲劳信号明显，中枢神经恢复差，今日必须运动降载。
2026-06-09 00:27:09 - health_agents - INFO - [Router] 疲劳=high -> intervene
2026-06-09 00:27:09 - health_agents - INFO - [exercise_coach] 降载[recovery]: ['核心拉伸 (Core Stretch)', '关节灵活性训练 (Mobility)']
2026-06-09 00:27:09 - health_agents - INFO - [nutrition_planner] 目标热量=2409kcal 蛋白=144g 油脂代偿=是
2026-06-09 00:27:09 - health_agents - INFO - [guardrail_auditor] 安全审计 -> [安全通行]
2026-06-09 00:27:09 - health_agents - INFO - [report_generator] 生成多模态体检报告
2026-06-09 00:27:09 - health_agents - INFO - [health_data] users 无 id=999, 使用 mock 画像
2026-06-09 00:27:09 - health_agents - INFO - [health_data] users 无 id=999, 使用 mock 画像
2026-06-09 00:27:09 - health_agents - INFO - [health_data] users 无 id=999, 使用 mock 画像
2026-06-09 00:27:09 - health_agents - INFO - [DataLoader] [数据接入] user=999 mode=control 来源={'watch': 'mock', 'baseline': 'default', 'exercise': 'mock', 'diet': 'mock', 'body': 'mock'} | RS=69.0 HRR=12 TRIMP=810 疲劳红旗=4项 -> high
2026-06-09 00:27:09 - health_agents - INFO - [physio_evaluator] RS=69.0 疲劳=high | 连续疲劳信号明显，中枢神经恢复差，今日必须运动降载。
2026-06-09 00:27:09 - health_agents - INFO - [Router] 疲劳=high -> intervene
2026-06-09 00:27:09 - health_agents - INFO - [exercise_coach] 降载[recovery]: ['核心拉伸 (Core Stretch)', '关节灵活性训练 (Mobility)']
2026-06-09 00:27:09 - health_agents - INFO - [nutrition_planner] 目标热量=2409kcal 蛋白=144g 油脂代偿=是
2026-06-09 00:27:10 - health_agents - ERROR - [Guardrail] 安全日志写入失败: 错误:  插入或更新表 "safety_logs" 违反外键约束 "safety_logs_user_id_fkey"
DETAIL:  键值对(user_id)=(999)没有在表"users"中出现.

2026-06-09 00:27:10 - health_agents - INFO - [guardrail_auditor] 安全审计 -> ⛔ 拦截熔断
2026-06-09 00:27:10 - health_agents - INFO - [report_generator] 安全拦截 -> 输出就医分流话术
2026-06-09 00:27:10 - health_agents - INFO - [health_data] users 无 id=999, 使用 mock 画像
2026-06-09 00:27:10 - health_agents - INFO - [health_data] users 无 id=999, 使用 mock 画像
2026-06-10 18:08:36 - health_agents - INFO - [DataLoader] [数据接入] user=1 mode=control 来源={'watch': 'db', 'baseline': 'db', 'exercise': 'db', 'diet': 'db', 'body': 'db'} | RS=100.0 HRR=22 TRIMP=420 疲劳红旗=1项 -> medium
2026-06-10 18:08:40 - health_agents - INFO - [physio_evaluator] RS=100.0 疲劳=medium | 你的静息心率连续3天升高，可能是近期训练负荷较高导致的中枢疲劳迹象，请适当关注恢复。
2026-06-10 18:08:40 - health_agents - INFO - [Router] 疲劳=medium -> intervene
2026-06-10 18:08:47 - health_agents - INFO - [exercise_coach] 降载[recovery/maintain]: ['核心拉伸 (Core Stretch)', '关节灵活性训练 (Mobility)']
2026-06-10 18:08:59 - health_agents - INFO - [nutrition_planner] 目标热量=2300kcal 蛋白=130g 油脂代偿=否
2026-06-10 18:09:02 - health_agents - INFO - [sleep_advisor] 睡眠建议(评分88): 减少睡前蓝光暴露以提升深睡比例。
2026-06-10 18:09:02 - health_agents - INFO - [guardrail_auditor] 安全审计 -> [安全通行]
2026-06-10 18:09:06 - health_agents - INFO - [report_generator] 生成多模态体检报告
2026-06-10 19:20:29 - api_server - INFO - 启动「暴汗艺术家」健康决策 API 服务…
2026-06-10 20:40:16 - api_server - INFO - 启动「暴汗艺术家」健康决策 API 服务…
2026-06-10 20:41:35 - api_server - INFO - 启动「暴汗艺术家」健康决策 API 服务…
2026-06-14 10:33:05 - api_server - INFO - 启动「暴汗艺术家」健康决策 API 服务…
2026-06-14 10:34:32 - api_server - INFO - [/chat 会话 4f93b2fb70064ecdb597668facf48447] 生成报告
2026-06-14 10:34:37 - health_agents - INFO - [Langfuse] 客户端初始化成功 host=https://langfuse.gowellgo.top
2026-06-14 10:34:37 - health_agents - INFO - [DataLoader] [数据接入] user=1 mode=control 来源={'watch': 'db', 'baseline': 'db', 'exercise': 'db', 'diet': 'db', 'body': 'db'} | RS=100.0 HRR=22 TRIMP=402 疲劳红旗=1项 -> medium
2026-06-14 10:34:40 - health_agents - INFO - [physio_evaluator] RS=100.0 疲劳=medium | 尽管整体恢复评分很高，但静息心率已连续三天升高，这可能表明身体正在承受一定的压力或疲劳，建议适当调整训练强度并关注恢复状态。
2026-06-14 10:34:40 - health_agents - INFO - [Router] 疲劳=medium -> intervene
2026-06-14 10:34:44 - health_agents - INFO - [exercise_coach] 降载[recovery/maintain]: ['核心拉伸 (Core Stretch)', '关节灵活性训练 (Mobility)']
2026-06-14 10:34:49 - health_agents - INFO - [nutrition_planner] 目标热量=2300kcal 蛋白=130g 油脂代偿=否
2026-06-14 10:34:51 - health_agents - INFO - [sleep_advisor] 睡眠建议(评分88): 今晚优先减少屏幕蓝光暴露。
2026-06-14 10:34:51 - health_agents - INFO - [guardrail_auditor] 安全审计 -> [安全通行]
2026-06-14 10:34:55 - health_agents - INFO - [report_generator] 生成多模态体检报告
2026-06-14 18:24:25 - api_server - INFO - 启动「暴汗艺术家」健康决策 API 服务…
2026-06-14 18:47:54 - api_server - INFO - 启动「暴汗艺术家」健康决策 API 服务…
2026-06-14 18:48:09 - api_server - INFO - [/plan] 创建任务 1c6367ec-d41d-4d0a-8711-13cafa5acfb9 user=1 mode=control
2026-06-14 18:48:11 - health_agents - INFO - [Langfuse] 客户端初始化成功 host=https://langfuse.gowellgo.top
2026-06-14 18:48:11 - health_agents - INFO - [DataLoader] [数据接入] user=1 mode=control 来源={'watch': 'db', 'baseline': 'db', 'exercise': 'db', 'diet': 'db', 'body': 'db'} | RS=100.0 HRR=22 TRIMP=72 疲劳红旗=1项 -> medium
2026-06-14 18:48:15 - health_agents - INFO - [physio_evaluator] RS=100.0 疲劳=medium | 尽管整体恢复评分非常高，但静息心率已经连续3天升高，这可能表明身体正在承受一定的负荷，建议适当关注恢复和休息。
2026-06-14 18:48:15 - health_agents - INFO - [Router] 疲劳=medium -> intervene
2026-06-14 18:48:21 - health_agents - INFO - [exercise_coach] 降载[recovery/maintain]: ['核心拉伸 (Core Stretch)', '关节灵活性训练 (Mobility)']
2026-06-14 18:48:27 - health_agents - INFO - [nutrition_planner] 目标热量=2110kcal 蛋白=130g 油脂代偿=否
2026-06-14 18:48:29 - health_agents - INFO - [sleep_advisor] 睡眠建议(评分85): 今晚优先减少睡前屏幕时间。
2026-06-14 18:48:29 - health_agents - INFO - [guardrail_auditor] 安全审计 -> [安全通行]
2026-06-14 18:48:33 - health_agents - INFO - [report_generator] 生成多模态体检报告
2026-06-14 18:49:53 - api_server - INFO - 启动「暴汗艺术家」健康决策 API 服务…
2026-06-14 18:50:28 - api_server - INFO - 启动「暴汗艺术家」健康决策 API 服务…
2026-06-14 18:51:12 - api_server - INFO - 启动「暴汗艺术家」健康决策 API 服务…
2026-06-14 18:51:37 - api_server - INFO - [/plan] 创建任务 d099fc89-1f8e-4da3-87b8-d102cd6cb3c6 user=1 mode=control
2026-06-14 18:51:39 - health_agents - INFO - [Langfuse] 客户端初始化成功 host=https://langfuse.gowellgo.top
2026-06-14 18:51:39 - health_agents - INFO - [DataLoader] [数据接入] user=1 mode=control 来源={'watch': 'db', 'baseline': 'db', 'exercise': 'db', 'diet': 'db', 'body': 'db'} | RS=100.0 HRR=22 TRIMP=72 疲劳红旗=1项 -> medium
2026-06-14 18:51:42 - health_agents - INFO - [physio_evaluator] RS=100.0 疲劳=medium | 尽管总体恢复状态评分非常高，但静息心率连续3天升高表明可能有潜在的疲劳积累，建议注意休息并监控身体状态。
2026-06-14 18:51:42 - health_agents - INFO - [Router] 疲劳=medium -> intervene
2026-06-14 18:51:44 - health_agents - INFO - [exercise_coach] 降载[recovery/maintain]: ['核心拉伸 (Core Stretch)', '关节灵活性训练 (Mobility)']
2026-06-14 18:51:56 - health_agents - INFO - [nutrition_planner] 目标热量=2285kcal 蛋白=130g 油脂代偿=否
2026-06-14 18:51:59 - health_agents - INFO - [sleep_advisor] 睡眠建议(评分85): 睡前减少蓝光干扰，优化深睡比例。
2026-06-14 18:51:59 - health_agents - INFO - [guardrail_auditor] 安全审计 -> [安全通行]
2026-06-14 18:52:02 - health_agents - INFO - [report_generator] 生成多模态体检报告
2026-06-14 18:52:16 - api_server - INFO - [/plan] 创建任务 00a46994-1697-49ba-8698-4369bf0dff45 user=1 mode=experiment
2026-06-14 18:52:16 - health_agents - INFO - [DataLoader] [数据接入] user=1 mode=experiment 来源={'watch': 'db', 'baseline': 'db', 'exercise': 'db', 'diet': 'db', 'body': 'db'} | RS=100.0 HRR=22 TRIMP=72 疲劳红旗=0项 -> low
2026-06-14 18:52:19 - health_agents - INFO - [physio_evaluator] RS=100.0 疲劳=low | 你的身体状态非常好，睡眠质量高，心率变异性和静息心率都处于正常范围，无疲劳迹象，适合进行正常活动或训练。
2026-06-14 18:52:19 - health_agents - INFO - [Router] 疲劳=low -> maintain
2026-06-14 18:52:19 - health_agents - INFO - [maintain_plan] 维持原计划 RS=100.0 -> ['深蹲 (Squat)', '俯卧撑 (Push-up)', '硬拉 (Deadlift)', '平板支撑 (Plank)']
2026-06-14 18:52:21 - health_agents - INFO - [sleep_advisor] 睡眠建议(评分85): 提升深睡比例
2026-06-14 18:52:21 - health_agents - INFO - [guardrail_auditor] 安全审计 -> [安全通行]
2026-06-14 18:52:24 - health_agents - INFO - [report_generator] 生成多模态体检报告
2026-06-14 18:53:34 - api_server - INFO - 启动「暴汗艺术家」健康决策 API 服务…
2026-06-14 18:54:47 - api_server - INFO - 启动「暴汗艺术家」健康决策 API 服务…
